{"level":"warn","message":"Datos de entrada inválidos","method":"PUT","name":"BadRequestError","path":"/api/perfil-profesional/11","statusCode":400,"timestamp":"2026-07-07 18:59:54.176","validationErrors":[{"field":"especialidadIds.0","message":"Invalid input: expected number, received null"}]}
{"level":"warn","message":"Datos de entrada inválidos","method":"PUT","name":"BadRequestError","path":"/api/servicio/21","statusCode":400,"timestamp":"2026-07-07 19:24:52.129","validationErrors":[{"field":"especialidadIds.0","message":"Invalid input: expected number, received null"}]}
{"level":"warn","message":"Datos de entrada inválidos","method":"PUT","name":"BadRequestError","path":"/api/servicio/21","statusCode":400,"timestamp":"2026-07-07 19:26:43.212","validationErrors":[{"field":"especialidadIds.0","message":"Invalid input: expected number, received null"}]}
{"level":"warn","message":"Datos de entrada inválidos","method":"PUT","name":"BadRequestError","path":"/api/servicio/21","statusCode":400,"timestamp":"2026-07-07 19:27:06.432","validationErrors":[{"field":"especialidadIds.0","message":"Invalid input: expected number, received null"}]}
{"level":"warn","message":"Datos de entrada inválidos","method":"PUT","name":"BadRequestError","path":"/api/cita/9","statusCode":400,"timestamp":"2026-07-07 19:33:50.637","validationErrors":[{"field":"fechaCita","message":"La fecha de la cita debe ser válida"}]}
{"level":"warn","message":"Datos de entrada inválidos","method":"PUT","name":"BadRequestError","path":"/api/cita/9","statusCode":400,"timestamp":"2026-07-07 19:39:07.698","validationErrors":[{"field":"fechaCita","message":"La fecha de la cita debe ser válida"}]}
{"level":"warn","message":"Datos de entrada inválidos","method":"POST","name":"BadRequestError","path":"/api/cita","statusCode":400,"timestamp":"2026-07-07 19:45:50.382","validationErrors":[{"field":"perfilProfesionalId","message":"Invalid input: expected number, received undefined"},{"field":"servicioId","message":"Invalid input: expected number, received undefined"},{"field":"fechaSolicitada","message":"Invalid input: expected string, received undefined"},{"field":"fechaCita","message":"La fecha de la cita debe ser válida"},{"field":"horaInicio","message":"Invalid input: expected string, received undefined"},{"field":"horaFin","message":"Invalid input: expected string, received undefined"},{"field":"monto","message":"Invalid input: expected number, received undefined"}]}
{"level":"warn","message":"Usuario no encontrado","method":"GET","name":"NotFoundError","path":"/api/usuario/21","statusCode":404,"timestamp":"2026-07-07 21:47:11.189"}
{"level":"warn","message":"Datos de entrada inválidos","method":"PUT","name":"BadRequestError","path":"/api/perfil-profesional/17","statusCode":400,"timestamp":"2026-07-07 22:23:32.141","validationErrors":[{"field":"especialidadIds.0","message":"Invalid input: expected number, received null"}]}
{"level":"warn","message":"Datos de entrada inválidos","method":"PUT","name":"BadRequestError","path":"/api/perfil-profesional/17","statusCode":400,"timestamp":"2026-07-07 22:24:03.461","validationErrors":[{"field":"especialidadIds.0","message":"Invalid input: expected number, received null"}]}
{"level":"warn","message":"Datos de entrada inválidos","method":"PUT","name":"BadRequestError","path":"/api/perfil-profesional/22","statusCode":400,"timestamp":"2026-07-07 22:24:51.456","validationErrors":[{"field":"especialidadIds.0","message":"Invalid input: expected number, received null"},{"field":"especialidadIds.1","message":"Invalid input: expected number, received null"}]}
{"level":"warn","message":"Datos de entrada inválidos","method":"PUT","name":"BadRequestError","path":"/api/perfil-profesional/17","statusCode":400,"timestamp":"2026-07-07 22:27:46.959","validationErrors":[{"field":"especialidadIds.0","message":"Invalid input: expected number, received null"}]}
{"level":"warn","message":"Datos de entrada inválidos","method":"PUT","name":"BadRequestError","path":"/api/perfil-profesional/22","statusCode":400,"timestamp":"2026-07-07 22:28:28.041","validationErrors":[{"field":"especialidadIds.0","message":"Invalid input: expected number, received null"}]}
{"level":"warn","message":"Datos de entrada inválidos","method":"PUT","name":"BadRequestError","path":"/api/perfil-profesional/17","statusCode":400,"timestamp":"2026-07-07 22:32:33.226","validationErrors":[{"field":"especialidadIds.0","message":"Invalid input: expected number, received null"}]}
{"error":{},"level":"error","message":"Error no controlado","method":"PUT","path":"/api/perfil-profesional/17","timestamp":"2026-07-07 22:40:14.166"}
{"error":{},"level":"error","message":"Error no controlado","method":"PUT","path":"/api/perfil-profesional/17","timestamp":"2026-07-07 22:41:23.679"}
{"error":{},"level":"error","message":"Error no controlado","method":"PUT","path":"/api/perfil-profesional/17","timestamp":"2026-07-07 22:44:44.836"}
{"error":{},"level":"error","message":"Error no controlado","method":"PUT","path":"/api/perfil-profesional/17","timestamp":"2026-07-07 22:45:06.242"}
{"error":{},"level":"error","message":"Error no controlado","method":"PUT","path":"/api/perfil-profesional/17","timestamp":"2026-07-07 22:47:08.244"}
{"error":{},"level":"error","message":"Error no controlado","method":"PUT","path":"/api/perfil-profesional/17","timestamp":"2026-07-07 22:47:55.750"}
{"error":{},"level":"error","message":"Error no controlado","method":"PUT","path":"/api/perfil-profesional/17","timestamp":"2026-07-07 22:49:45.556"}
{"error":{},"level":"error","message":"Error no controlado","method":"PUT","path":"/api/perfil-profesional/17","timestamp":"2026-07-07 22:52:01.050"}
{"error":{},"level":"error","message":"Error no controlado","method":"PUT","path":"/api/perfil-profesional/17","timestamp":"2026-07-07 22:55:56.445"}
{"error":{},"level":"error","message":"Error no controlado","method":"PUT","path":"/api/perfil-profesional/17","timestamp":"2026-07-07 22:58:05.534"}
{"error":{},"level":"error","message":"Error no controlado","method":"PUT","path":"/api/perfil-profesional/17","timestamp":"2026-07-07 23:00:47.675"}
{"error":{},"level":"error","message":"Error no controlado","method":"PUT","path":"/api/perfil-profesional/17","timestamp":"2026-07-07 23:01:54.343"}
{"error":{},"level":"error","message":"Error no controlado","method":"PUT","path":"/api/perfil-profesional/17","timestamp":"2026-07-07 23:02:15.256"}
{"error":{},"level":"error","message":"Error no controlado","method":"PUT","path":"/api/perfil-profesional/17","timestamp":"2026-07-07 23:03:24.415"}
{"error":{},"level":"error","message":"Error no controlado","method":"PUT","path":"/api/perfil-profesional/17","timestamp":"2026-07-07 23:04:33.050"}
{"error":{},"level":"error","message":"Error no controlado","method":"PUT","path":"/api/perfil-profesional/17","timestamp":"2026-07-07 23:05:55.424"}
{"error":{},"level":"error","message":"Error no controlado","method":"PUT","path":"/api/perfil-profesional/17","timestamp":"2026-07-07 23:08:02.608"}
{"error":{},"level":"error","message":"Error no controlado","method":"PUT","path":"/api/perfil-profesional/17","timestamp":"2026-07-07 23:09:04.344"}
{"error":{},"level":"error","message":"Error no controlado","method":"PUT","path":"/api/perfil-profesional/17","timestamp":"2026-07-07 23:10:06.504"}
{"error":{},"level":"error","message":"Error no controlado","method":"PUT","path":"/api/perfil-profesional/17","timestamp":"2026-07-07 23:10:34.368"}
